<?xml version="1.0" encoding="UTF-8"?>
<TestRun id="85e058e1-74d7-4992-be8c-d6666f9c607f" name="v-sothon@MININT-SNSLVOM 2013-06-07 03:08:45" runUser="FAREAST\v-sothon" xmlns="http://microsoft.com/schemas/VisualStudio/TeamTest/2010">
  <TestSettings name="Default Test Settings" id="0f9f7601-6b67-481b-af5c-41003eca3e14">
    <Deployment userDeploymentRoot="C:\Users\v-sothon\Desktop\testEnv\PACE\testresults" useDefaultDeploymentRoot="false" runDeploymentRoot="v-sothon_MININT-SNSLVOM 2013-06-07 03_08_45" />
    <Execution>
      <TestTypeSpecific />
      <AgentRule name="Execution Agents">
      </AgentRule>
    </Execution>
  </TestSettings>
  <Times creation="2013-06-07T03:08:45.7815739+05:30" queuing="2013-06-07T03:08:45.8945433+05:30" start="2013-06-07T03:08:45.9296068+05:30" finish="2013-06-07T03:22:29.6256701+05:30" />
  <ResultSummary outcome="Failed">
    <Counters total="6" executed="6" passed="5" error="0" failed="1" timeout="0" aborted="0" inconclusive="0" passedButRunAborted="0" notRunnable="0" notExecuted="0" disconnected="0" warning="0" completed="0" inProgress="0" pending="0" />
    <Output>
      <DebugTrace>StartOperation StartStartOperation EndEndOperation StartEndOperation EndStartOperation StartStartOperation EndEndOperation StartEndOperation EndStartOperation StartStartOperation End</DebugTrace>
    </Output>
  </ResultSummary>
  <TestDefinitions>
    <UnitTest name="VerifyProductToAllowedMarketMapping" storage="c:\users\v-sothon\desktop\testenv\pace\release\uiautomation.dll" priority="0" id="aec56dca-f03b-5822-aaaf-13c76c89e694">
      <Owners>
        <Owner name="blridcdat" />
      </Owners>
      <DeploymentItems>
        <DeploymentItem filename="TestConfig" outputDirectory="TestConfig" />
        <DeploymentItem filename="IEDriverServer.exe" />
      </DeploymentItems>
      <Execution id="8dd021fc-03bb-41b2-ae61-23bd598d784f" />
      <TestMethod codeBase="C:/Users/v-sothon/Desktop/testEnv/PACE/release/UIAutomation.DLL" adapterTypeName="Microsoft.VisualStudio.TestTools.TestTypes.Unit.UnitTestAdapter, Microsoft.VisualStudio.QualityTools.Tips.UnitTest.Adapter, Version=10.0.0.0, Culture=neutral, PublicKeyToken=b03f5f7f11d50a3a" className="UIAutomation.CreatePublisherTestOperations, UIAutomation, Version=11.4.4183.0, Culture=neutral, PublicKeyToken=null" name="VerifyProductToAllowedMarketMapping" />
    </UnitTest>
    <UnitTest name="VerifyCreatePublisherTest" storage="c:\users\v-sothon\desktop\testenv\pace\release\uiautomation.dll" priority="0" id="5fda8c87-0e24-9a28-8c1e-bae1401d1897">
      <Owners>
        <Owner name="blridcdat" />
      </Owners>
      <DeploymentItems>
        <DeploymentItem filename="TestConfig" outputDirectory="TestConfig" />
        <DeploymentItem filename="IEDriverServer.exe" />
      </DeploymentItems>
      <Execution id="ada65ad9-3125-4096-9a6e-b3dbe166d5a6" />
      <TestMethod codeBase="C:/Users/v-sothon/Desktop/testEnv/PACE/release/UIAutomation.DLL" adapterTypeName="Microsoft.VisualStudio.TestTools.TestTypes.Unit.UnitTestAdapter, Microsoft.VisualStudio.QualityTools.Tips.UnitTest.Adapter, Version=10.0.0.0, Culture=neutral, PublicKeyToken=b03f5f7f11d50a3a" className="UIAutomation.CreatePublisherTestOperations, UIAutomation, Version=11.4.4183.0, Culture=neutral, PublicKeyToken=null" name="VerifyCreatePublisherTest" />
    </UnitTest>
    <UnitTest name="VerifyCountryandStateOrProviencesTest" storage="c:\users\v-sothon\desktop\testenv\pace\release\uiautomation.dll" priority="0" id="a70cfa2b-8d6d-6b7c-9f43-762f654c45eb">
      <Owners>
        <Owner name="blridcdat" />
      </Owners>
      <DeploymentItems>
        <DeploymentItem filename="TestConfig" outputDirectory="TestConfig" />
        <DeploymentItem filename="IEDriverServer.exe" />
      </DeploymentItems>
      <Execution id="3265be97-a53c-4bf0-9d9e-538e5a06a506" />
      <TestMethod codeBase="C:/Users/v-sothon/Desktop/testEnv/PACE/release/UIAutomation.DLL" adapterTypeName="Microsoft.VisualStudio.TestTools.TestTypes.Unit.UnitTestAdapter, Microsoft.VisualStudio.QualityTools.Tips.UnitTest.Adapter, Version=10.0.0.0, Culture=neutral, PublicKeyToken=b03f5f7f11d50a3a" className="UIAutomation.CreatePublisherTestOperations, UIAutomation, Version=11.4.4183.0, Culture=neutral, PublicKeyToken=null" name="VerifyCountryandStateOrProviencesTest" />
    </UnitTest>
    <UnitTest name="CreateWin8AdunitTest" storage="c:\users\v-sothon\desktop\testenv\pace\release\uiautomation.dll" priority="0" id="05247693-d645-ce2e-4d44-939a80dae5bb">
      <Owners>
        <Owner name="blridcdat" />
      </Owners>
      <DeploymentItems>
        <DeploymentItem filename="TestConfig" outputDirectory="TestConfig" />
        <DeploymentItem filename="IEDriverServer.exe" />
      </DeploymentItems>
      <Execution id="6715cc9a-52be-49ae-ae40-edc6b4957eac" />
      <TestMethod codeBase="C:/Users/v-sothon/Desktop/testEnv/PACE/release/UIAutomation.DLL" adapterTypeName="Microsoft.VisualStudio.TestTools.TestTypes.Unit.UnitTestAdapter, Microsoft.VisualStudio.QualityTools.Tips.UnitTest.Adapter, Version=10.0.0.0, Culture=neutral, PublicKeyToken=b03f5f7f11d50a3a" className="UIAutomation.CreateWin8AdUnit, UIAutomation, Version=11.4.4183.0, Culture=neutral, PublicKeyToken=null" name="CreateWin8AdunitTest" />
    </UnitTest>
    <UnitTest name="CreateWinMobAdUnitTest" storage="c:\users\v-sothon\desktop\testenv\pace\release\uiautomation.dll" priority="0" id="262d4131-5831-0d45-af41-7f4e01104181">
      <Owners>
        <Owner name="blridcdat" />
      </Owners>
      <DeploymentItems>
        <DeploymentItem filename="TestConfig" outputDirectory="TestConfig" />
        <DeploymentItem filename="IEDriverServer.exe" />
      </DeploymentItems>
      <Execution id="822406d9-ddc1-4222-bc24-ef43515de67c" />
      <TestMethod codeBase="C:/Users/v-sothon/Desktop/testEnv/PACE/release/UIAutomation.DLL" adapterTypeName="Microsoft.VisualStudio.TestTools.TestTypes.Unit.UnitTestAdapter, Microsoft.VisualStudio.QualityTools.Tips.UnitTest.Adapter, Version=10.0.0.0, Culture=neutral, PublicKeyToken=b03f5f7f11d50a3a" className="UIAutomation.CreateWinMobAdUnit, UIAutomation, Version=11.4.4183.0, Culture=neutral, PublicKeyToken=null" name="CreateWinMobAdUnitTest" />
    </UnitTest>
    <UnitTest name="CreateWin8AdUnitUsrTest" storage="c:\users\v-sothon\desktop\testenv\pace\release\uiautomation.dll" priority="0" id="c2c91595-81fa-cf41-4435-6ad3755bd251">
      <Owners>
        <Owner name="blridcdat" />
      </Owners>
      <DeploymentItems>
        <DeploymentItem filename="TestConfig" outputDirectory="TestConfig" />
        <DeploymentItem filename="IEDriverServer.exe" />
      </DeploymentItems>
      <Execution id="a74ba8b6-e602-41b2-9cfb-f30858646d97" />
      <TestMethod codeBase="C:/Users/v-sothon/Desktop/testEnv/PACE/release/UIAutomation.DLL" adapterTypeName="Microsoft.VisualStudio.TestTools.TestTypes.Unit.UnitTestAdapter, Microsoft.VisualStudio.QualityTools.Tips.UnitTest.Adapter, Version=10.0.0.0, Culture=neutral, PublicKeyToken=b03f5f7f11d50a3a" className="UIAutomation.CreateWin8AdUnitUsr, UIAutomation, Version=11.4.4183.0, Culture=neutral, PublicKeyToken=null" name="CreateWin8AdUnitUsrTest" />
    </UnitTest>
  </TestDefinitions>
  <TestLists>
    <TestList name="Results Not in a List" id="8c84fa94-04c1-424b-9868-57a2d4851a1d" />
    <TestList name="All Loaded Results" id="19431567-8539-422a-85d7-44ee4e166bda" />
  </TestLists>
  <TestEntries>
    <TestEntry testId="a70cfa2b-8d6d-6b7c-9f43-762f654c45eb" executionId="3265be97-a53c-4bf0-9d9e-538e5a06a506" testListId="8c84fa94-04c1-424b-9868-57a2d4851a1d" />
    <TestEntry testId="5fda8c87-0e24-9a28-8c1e-bae1401d1897" executionId="ada65ad9-3125-4096-9a6e-b3dbe166d5a6" testListId="8c84fa94-04c1-424b-9868-57a2d4851a1d" />
    <TestEntry testId="aec56dca-f03b-5822-aaaf-13c76c89e694" executionId="8dd021fc-03bb-41b2-ae61-23bd598d784f" testListId="8c84fa94-04c1-424b-9868-57a2d4851a1d" />
    <TestEntry testId="05247693-d645-ce2e-4d44-939a80dae5bb" executionId="6715cc9a-52be-49ae-ae40-edc6b4957eac" testListId="8c84fa94-04c1-424b-9868-57a2d4851a1d" />
    <TestEntry testId="c2c91595-81fa-cf41-4435-6ad3755bd251" executionId="a74ba8b6-e602-41b2-9cfb-f30858646d97" testListId="8c84fa94-04c1-424b-9868-57a2d4851a1d" />
    <TestEntry testId="262d4131-5831-0d45-af41-7f4e01104181" executionId="822406d9-ddc1-4222-bc24-ef43515de67c" testListId="8c84fa94-04c1-424b-9868-57a2d4851a1d" />
  </TestEntries>
  <Results>
    <UnitTestResult executionId="3265be97-a53c-4bf0-9d9e-538e5a06a506" testId="a70cfa2b-8d6d-6b7c-9f43-762f654c45eb" testName="VerifyCountryandStateOrProviencesTest" computerName="MININT-SNSLVOM" duration="00:01:53.1422837" startTime="2013-06-07T03:08:45.9356103+05:30" endTime="2013-06-07T03:10:41.9808694+05:30" testType="13cdc9d9-ddb5-4fa4-a97d-d965ccfc6d4b" outcome="Passed" testListId="8c84fa94-04c1-424b-9868-57a2d4851a1d" relativeResultsDirectory="3265be97-a53c-4bf0-9d9e-538e5a06a506">
      <Output>
        <DebugTrace>StartOperation StartStartOperation EndStartOperation StartStartOperation EndEndOperation StartEndOperation EndStartOperation StartStartOperation EndEndOperation StartEndOperation EndStartOperation StartStartOperation EndStartOperation StartStartOperation EndEndOperation StartEndOperation EndStartOperation StartStartOperation EndEndOperation StartEndOperation EndStartOperation StartStartOperation EndEndOperation StartEndOperation EndStartOperation StartStartOperation EndEndOperation StartEndOperation EndStartOperation StartStartOperation EndEndOperation StartEndOperation EndStartOperation StartStartOperation EndEndOperation StartEndOperation EndEndOperation StartEndOperation EndStartOperation StartStartOperation EndEndOperation StartEndOperation EndStartOperation StartStartOperation EndEndOperation StartEndOperation EndStartOperation StartStartOperation EndEndOperation StartEndOperation EndStartOperation StartStartOperation EndEndOperation StartEndOperation EndStartOperation StartStartOperation EndEndOperation StartEndOperation EndStartOperation StartStartOperation EndEndOperation StartEndOperation EndStartOperation StartStartOperation EndEndOperation StartEndOperation EndStartOperation StartStartOperation EndEndOperation StartEndOperation EndStartOperation StartStartOperation EndEndOperation StartEndOperation EndStartOperation StartStartOperation EndEndOperation StartEndOperation EndStartOperation StartStartOperation EndEndOperation StartEndOperation EndStartOperation StartStartOperation EndEndOperation StartEndOperation EndStartOperation StartStartOperation EndEndOperation StartEndOperation EndStartOperation StartStartOperation EndEndOperation StartEndOperation EndStartOperation StartStartOperation EndEndOperation StartEndOperation EndStartOperation StartStartOperation EndEndOperation StartEndOperation EndStartOperation StartStartOperation EndEndOperation StartEndOperation EndStartOperation StartStartOperation EndEndOperation StartEndOperation EndStartOperation StartStartOperation EndEndOperation StartEndOperation EndStartOperation StartStartOperation EndEndOperation StartEndOperation EndStartOperation StartStartOperation EndEndOperation StartEndOperation EndStartOperation StartStartOperation EndEndOperation StartEndOperation EndStartOperation StartStartOperation EndEndOperation StartEndOperation EndStartOperation StartStartOperation EndEndOperation StartEndOperation EndStartOperation StartStartOperation EndEndOperation StartEndOperation EndStartOperation StartStartOperation EndEndOperation StartEndOperation EndStartOperation StartStartOperation EndEndOperation StartEndOperation EndStartOperation StartStartOperation EndEndOperation StartEndOperation EndStartOperation StartStartOperation EndEndOperation StartEndOperation EndStartOperation StartStartOperation EndEndOperation StartEndOperation EndStartOperation StartStartOperation EndEndOperation StartEndOperation EndStartOperation StartStartOperation EndEndOperation StartEndOperation EndStartOperation StartStartOperation EndEndOperation StartEndOperation EndStartOperation StartStartOperation EndEndOperation StartEndOperation EndStartOperation StartStartOperation EndEndOperation StartEndOperation EndStartOperation StartStartOperation EndEndOperation StartEndOperation EndStartOperation StartStartOperation EndEndOperation StartEndOperation EndStartOperation StartStartOperation EndEndOperation StartEndOperation EndStartOperation StartStartOperation EndEndOperation StartEndOperation EndStartOperation StartStartOperation EndEndOperation StartEndOperation EndStartOperation StartStartOperation EndEndOperation StartEndOperation EndStartOperation StartStartOperation EndEndOperation StartEndOperation EndStartOperation StartStartOperation EndEndOperation StartEndOperation EndStartOperation StartStartOperation EndEndOperation StartEndOperation EndStartOperation StartStartOperation EndEndOperation StartEndOperation EndStartOperation StartStartOperation EndEndOperation StartEndOperation EndStartOperation StartStartOperation EndEndOperation StartEndOperation EndStartOperation StartStartOperation EndEndOperation StartEndOperation EndEndOperation StartEndOperation EndStartOperation StartStartOperation EndStartOperation StartStartOperation EndEndOperation StartEndOperation EndStartOperation StartStartOperation EndEndOperation StartEndOperation EndEndOperation StartEndOperation End</DebugTrace>
      </Output>
    </UnitTestResult>
    <UnitTestResult executionId="ada65ad9-3125-4096-9a6e-b3dbe166d5a6" testId="5fda8c87-0e24-9a28-8c1e-bae1401d1897" testName="VerifyCreatePublisherTest" computerName="MININT-SNSLVOM" duration="00:01:22.9577710" startTime="2013-06-07T03:10:41.9828685+05:30" endTime="2013-06-07T03:12:04.9456794+05:30" testType="13cdc9d9-ddb5-4fa4-a97d-d965ccfc6d4b" outcome="Passed" testListId="8c84fa94-04c1-424b-9868-57a2d4851a1d" relativeResultsDirectory="ada65ad9-3125-4096-9a6e-b3dbe166d5a6">
      <Output>
        <DebugTrace>StartOperation StartStartOperation EndStartOperation StartStartOperation EndEndOperation StartEndOperation EndStartOperation StartStartOperation EndEndOperation StartEndOperation EndStartOperation StartStartOperation EndStartOperation StartStartOperation EndEndOperation StartEndOperation EndStartOperation StartStartOperation EndEndOperation StartEndOperation EndStartOperation StartStartOperation EndEndOperation StartEndOperation EndStartOperation StartStartOperation EndEndOperation StartEndOperation EndStartOperation StartStartOperation EndEndOperation StartEndOperation EndStartOperation StartStartOperation EndEndOperation StartEndOperation EndEndOperation StartEndOperation EndStartOperation StartStartOperation EndEndOperation StartEndOperation EndStartOperation StartStartOperation EndEndOperation StartEndOperation EndStartOperation StartStartOperation EndEndOperation StartEndOperation EndStartOperation StartStartOperation EndEndOperation StartEndOperation EndStartOperation StartStartOperation EndEndOperation StartEndOperation EndStartOperation StartStartOperation EndEndOperation StartEndOperation EndStartOperation StartStartOperation EndEndOperation StartEndOperation EndStartOperation StartStartOperation EndEndOperation StartEndOperation EndStartOperation StartStartOperation EndEndOperation StartEndOperation EndStartOperation StartStartOperation EndEndOperation StartEndOperation EndStartOperation StartStartOperation EndEndOperation StartEndOperation EndStartOperation StartStartOperation EndEndOperation StartEndOperation EndStartOperation StartStartOperation EndEndOperation StartEndOperation EndStartOperation StartStartOperation EndEndOperation StartEndOperation EndStartOperation StartStartOperation EndEndOperation StartEndOperation EndStartOperation StartStartOperation EndEndOperation StartEndOperation EndStartOperation StartStartOperation EndEndOperation StartEndOperation EndStartOperation StartStartOperation EndEndOperation StartEndOperation EndEndOperation StartEndOperation EndStartOperation StartStartOperation EndStartOperation StartStartOperation EndEndOperation StartEndOperation EndStartOperation StartStartOperation EndEndOperation StartEndOperation EndEndOperation StartEndOperation End</DebugTrace>
      </Output>
    </UnitTestResult>
    <UnitTestResult executionId="8dd021fc-03bb-41b2-ae61-23bd598d784f" testId="aec56dca-f03b-5822-aaaf-13c76c89e694" testName="VerifyProductToAllowedMarketMapping" computerName="MININT-SNSLVOM" duration="00:04:57.2386965" startTime="2013-06-07T03:12:04.9476822+05:30" endTime="2013-06-07T03:17:02.2002173+05:30" testType="13cdc9d9-ddb5-4fa4-a97d-d965ccfc6d4b" outcome="Passed" testListId="8c84fa94-04c1-424b-9868-57a2d4851a1d" relativeResultsDirectory="8dd021fc-03bb-41b2-ae61-23bd598d784f">
      <Output>
        <DebugTrace>StartOperation StartStartOperation EndStartOperation StartStartOperation EndEndOperation StartEndOperation EndStartOperation StartStartOperation EndEndOperation StartEndOperation EndStartOperation StartStartOperation EndStartOperation StartStartOperation EndEndOperation StartEndOperation EndStartOperation StartStartOperation EndEndOperation StartEndOperation EndStartOperation StartStartOperation EndEndOperation StartEndOperation EndStartOperation StartStartOperation EndEndOperation StartEndOperation EndStartOperation StartStartOperation EndEndOperation StartEndOperation EndStartOperation StartStartOperation EndEndOperation StartEndOperation EndEndOperation StartEndOperation EndStartOperation StartStartOperation EndEndOperation StartEndOperation EndStartOperation StartStartOperation EndEndOperation StartEndOperation EndStartOperation StartStartOperation EndEndOperation StartEndOperation EndStartOperation StartStartOperation EndEndOperation StartEndOperation EndStartOperation StartStartOperation EndEndOperation StartEndOperation EndStartOperation StartStartOperation EndEndOperation-Exception StartMicrosoft.VisualStudio.TestTools.UnitTesting.AssertFailedException: Assert.Fail failed. Operation :: OperationID: SendText. ElementID: Customer_Name. Parameter: test Failed
   at Microsoft.VisualStudio.TestTools.UnitTesting.Assert.HandleFail(String assertionName, String message, Object[] parameters)
   at Microsoft.VisualStudio.TestTools.UnitTesting.Assert.Fail(String message, Object[] parameters)
   at UIAutomation.SeleniumUtils.SeleniumOperation(SeleniumOperation Operation, String ElementID, String Operand, Boolean doAssert) in C:\PC\App\Main\Application\Test\PubCenterTIP\UIAutomation\SeleniumUtils.cs:line 134EndOperation-Exception EndEndOperation StartEndOperation EndEndOperation-Exception StartMicrosoft.VisualStudio.TestTools.UnitTesting.AssertFailedException: Assert.Fail failed. Operation :: OperationID: SendText. ElementID: Customer_Name. Parameter: test Failed
   at Microsoft.VisualStudio.TestTools.UnitTesting.Assert.HandleFail(String assertionName, String message, Object[] parameters)
   at Microsoft.VisualStudio.TestTools.UnitTesting.Assert.Fail(String message, Object[] parameters)
   at UIAutomation.SeleniumUtils.SeleniumOperation(SeleniumOperation Operation, String ElementID, String Operand, Boolean doAssert) in C:\PC\App\Main\Application\Test\PubCenterTIP\UIAutomation\SeleniumUtils.cs:line 142
   at UIAutomation.CreatePublisherTestOperations.VerifyProductToAllowedMarketMapping() in C:\PC\App\Main\Application\Test\PubCenterTIP\UIAutomation\CreatePublisherTestOperations.cs:line 225EndOperation-Exception EndEndOperation StartEndOperation EndStartOperation StartStartOperation EndStartOperation StartStartOperation EndEndOperation StartEndOperation EndStartOperation StartStartOperation EndEndOperation StartEndOperation EndEndOperation StartEndOperation End</DebugTrace>
      </Output>
    </UnitTestResult>
    <UnitTestResult executionId="6715cc9a-52be-49ae-ae40-edc6b4957eac" testId="05247693-d645-ce2e-4d44-939a80dae5bb" testName="CreateWin8AdunitTest" computerName="MININT-SNSLVOM" duration="00:01:59.9455789" startTime="2013-06-07T03:17:02.2021677+05:30" endTime="2013-06-07T03:19:02.1551962+05:30" testType="13cdc9d9-ddb5-4fa4-a97d-d965ccfc6d4b" outcome="Failed" testListId="8c84fa94-04c1-424b-9868-57a2d4851a1d" relativeResultsDirectory="6715cc9a-52be-49ae-ae40-edc6b4957eac">
      <Output>
        <DebugTrace>StartOperation StartStartOperation EndStartOperation StartStartOperation EndEndOperation StartEndOperation EndStartOperation StartStartOperation EndEndOperation-Exception StartMicrosoft.VisualStudio.TestTools.UnitTesting.AssertFailedException: Assert.Fail failed. timeout for finding requested element: UserName
   at Microsoft.VisualStudio.TestTools.UnitTesting.Assert.HandleFail(String assertionName, String message, Object[] parameters)
   at Microsoft.VisualStudio.TestTools.UnitTesting.Assert.Fail(String message, Object[] parameters)
   at UIAutomation.SeleniumUtils.WaitForElement(String ElementID, Int32 timeout, SeleniumElementSelection elementSelection, Boolean doAssert) in C:\PC\App\Main\Application\Test\PubCenterTIP\UIAutomation\SeleniumUtils.cs:line 267EndOperation-Exception EndEndOperation StartEndOperation EndEndOperation-Exception StartMicrosoft.VisualStudio.TestTools.UnitTesting.AssertFailedException: Assert.Fail failed. timeout for finding requested element: UserName
   at Microsoft.VisualStudio.TestTools.UnitTesting.Assert.HandleFail(String assertionName, String message, Object[] parameters)
   at Microsoft.VisualStudio.TestTools.UnitTesting.Assert.Fail(String message, Object[] parameters)
   at UIAutomation.SeleniumUtils.WaitForElement(String ElementID, Int32 timeout, SeleniumElementSelection elementSelection, Boolean doAssert) in C:\PC\App\Main\Application\Test\PubCenterTIP\UIAutomation\SeleniumUtils.cs:line 286
   at UIAutomation.CreateWin8AdUnit.CreateWin8AdunitTest() in C:\PC\App\Main\Application\Test\PubCenterTIP\UIAutomation\Create-Win8AdUnit.cs:line 50EndOperation-Exception EndEndOperation StartEndOperation EndStartOperation StartStartOperation EndStartOperation StartStartOperation EndEndOperation StartEndOperation EndStartOperation StartStartOperation EndEndOperation StartEndOperation EndEndOperation StartEndOperation End</DebugTrace>
        <ErrorInfo>
          <Message>Assert.Fail failed. timeout for finding requested element: UserName</Message>
          <StackTrace>   at UIAutomation.SeleniumUtils.WaitForElement(String ElementID, Int32 timeout, SeleniumElementSelection elementSelection, Boolean doAssert) in C:\PC\App\Main\Application\Test\PubCenterTIP\UIAutomation\SeleniumUtils.cs:line 286
   at UIAutomation.CreateWin8AdUnit.CreateWin8AdunitTest() in C:\PC\App\Main\Application\Test\PubCenterTIP\UIAutomation\Create-Win8AdUnit.cs:line 111
</StackTrace>
        </ErrorInfo>
      </Output>
    </UnitTestResult>
    <UnitTestResult executionId="a74ba8b6-e602-41b2-9cfb-f30858646d97" testId="c2c91595-81fa-cf41-4435-6ad3755bd251" testName="CreateWin8AdUnitUsrTest" computerName="MININT-SNSLVOM" duration="00:01:47.1206656" startTime="2013-06-07T03:19:02.1571344+05:30" endTime="2013-06-07T03:20:49.2839929+05:30" testType="13cdc9d9-ddb5-4fa4-a97d-d965ccfc6d4b" outcome="Passed" testListId="8c84fa94-04c1-424b-9868-57a2d4851a1d" relativeResultsDirectory="a74ba8b6-e602-41b2-9cfb-f30858646d97">
      <Output>
        <DebugTrace>StartOperation StartStartOperation EndStartOperation StartStartOperation EndEndOperation StartEndOperation EndStartOperation StartStartOperation EndStartOperation StartStartOperation EndEndOperation StartEndOperation EndStartOperation StartStartOperation EndEndOperation StartEndOperation EndStartOperation StartStartOperation EndStartOperation StartStartOperation EndEndOperation StartEndOperation EndStartOperation StartStartOperation EndEndOperation StartEndOperation EndStartOperation StartStartOperation EndEndOperation StartEndOperation EndStartOperation StartStartOperation EndEndOperation StartEndOperation EndStartOperation StartStartOperation EndEndOperation StartEndOperation EndStartOperation StartStartOperation EndEndOperation StartEndOperation EndEndOperation StartEndOperation EndEndOperation StartEndOperation EndStartOperation StartStartOperation EndEndOperation StartEndOperation EndStartOperation StartStartOperation EndEndOperation StartEndOperation EndStartOperation StartStartOperation EndEndOperation StartEndOperation EndStartOperation StartStartOperation EndEndOperation StartEndOperation EndStartOperation StartStartOperation EndEndOperation StartEndOperation EndStartOperation StartStartOperation EndEndOperation StartEndOperation EndStartOperation StartStartOperation EndEndOperation StartEndOperation EndStartOperation StartStartOperation EndEndOperation StartEndOperation EndStartOperation StartStartOperation EndEndOperation StartEndOperation EndStartOperation StartStartOperation EndEndOperation StartEndOperation EndStartOperation StartStartOperation EndEndOperation StartEndOperation EndStartOperation StartStartOperation EndEndOperation StartEndOperation EndEndOperation StartEndOperation EndStartOperation StartStartOperation EndStartOperation StartStartOperation EndEndOperation StartEndOperation EndStartOperation StartStartOperation EndEndOperation StartEndOperation EndEndOperation StartEndOperation End</DebugTrace>
      </Output>
    </UnitTestResult>
    <UnitTestResult executionId="822406d9-ddc1-4222-bc24-ef43515de67c" testId="262d4131-5831-0d45-af41-7f4e01104181" testName="CreateWinMobAdUnitTest" computerName="MININT-SNSLVOM" duration="00:01:36.7156047" startTime="2013-06-07T03:20:49.2859664+05:30" endTime="2013-06-07T03:22:26.0080692+05:30" testType="13cdc9d9-ddb5-4fa4-a97d-d965ccfc6d4b" outcome="Passed" testListId="8c84fa94-04c1-424b-9868-57a2d4851a1d" relativeResultsDirectory="822406d9-ddc1-4222-bc24-ef43515de67c">
      <Output>
        <DebugTrace>StartOperation StartStartOperation EndStartOperation StartStartOperation EndEndOperation StartEndOperation EndStartOperation StartStartOperation EndStartOperation StartStartOperation EndEndOperation StartEndOperation EndStartOperation StartStartOperation EndEndOperation StartEndOperation EndStartOperation StartStartOperation EndStartOperation StartStartOperation EndEndOperation StartEndOperation EndStartOperation StartStartOperation EndEndOperation StartEndOperation EndStartOperation StartStartOperation EndEndOperation StartEndOperation EndStartOperation StartStartOperation EndEndOperation StartEndOperation EndStartOperation StartStartOperation EndEndOperation StartEndOperation EndStartOperation StartStartOperation EndEndOperation StartEndOperation EndEndOperation StartEndOperation EndEndOperation StartEndOperation EndStartOperation StartStartOperation EndEndOperation StartEndOperation EndStartOperation StartStartOperation EndEndOperation StartEndOperation EndStartOperation StartStartOperation EndEndOperation StartEndOperation EndStartOperation StartStartOperation EndEndOperation StartEndOperation EndStartOperation StartStartOperation EndEndOperation StartEndOperation EndStartOperation StartStartOperation EndEndOperation StartEndOperation EndStartOperation StartStartOperation EndEndOperation StartEndOperation EndStartOperation StartStartOperation EndEndOperation StartEndOperation EndStartOperation StartStartOperation EndEndOperation StartEndOperation EndStartOperation StartStartOperation EndEndOperation StartEndOperation EndStartOperation StartStartOperation EndEndOperation StartEndOperation EndStartOperation StartStartOperation EndEndOperation StartEndOperation EndStartOperation StartStartOperation EndEndOperation StartEndOperation EndEndOperation StartEndOperation EndStartOperation StartStartOperation EndStartOperation StartStartOperation EndEndOperation StartEndOperation EndStartOperation StartStartOperation EndEndOperation StartEndOperation EndEndOperation StartEndOperation End</DebugTrace>
      </Output>
    </UnitTestResult>
  </Results>
</TestRun>