<?xml version="1.0" encoding="UTF-8"?>
<TestRun id="38f480a2-885a-46bf-b10b-d2fb21f02dfa" name="t-sumita@MININT-DQ57N74 2013-06-11 19:30:32" runUser="FAREAST\t-sumita" xmlns="http://microsoft.com/schemas/VisualStudio/TeamTest/2010">
  <TestSettings name="Default Test Settings" id="28b46e34-fbbb-4a6a-aa6f-9d5610224046">
    <Execution>
      <TestTypeSpecific />
      <AgentRule name="Execution Agents">
      </AgentRule>
    </Execution>
    <Deployment runDeploymentRoot="t-sumita_MININT-DQ57N74 2013-06-11 19_30_32" />
  </TestSettings>
  <Times creation="2013-06-11T19:30:32.8620769+05:30" queuing="2013-06-11T19:30:33.1731672+05:30" start="2013-06-11T19:30:33.3071400+05:30" finish="2013-06-11T19:35:21.9152019+05:30" />
  <ResultSummary outcome="Failed">
    <Counters total="4" executed="4" passed="3" error="0" failed="1" timeout="0" aborted="0" inconclusive="0" passedButRunAborted="0" notRunnable="0" notExecuted="0" disconnected="0" warning="0" completed="0" inProgress="0" pending="0" />
    <Output>
      <DebugTrace>StartOperation StartStartOperation EndEndOperation StartEndOperation EndStartOperation StartStartOperation EndEndOperation StartEndOperation EndStartOperation StartStartOperation End</DebugTrace>
    </Output>
  </ResultSummary>
  <TestDefinitions>
    <UnitTest name="CreateWin8AdunitTest" storage="c:\users\t-sumita\desktop\testenv\si\release\uiautomation.dll" priority="0" id="05247693-d645-ce2e-4d44-939a80dae5bb">
      <Owners>
        <Owner name="blridcdat" />
      </Owners>
      <DeploymentItems>
        <DeploymentItem filename="TestConfig" outputDirectory="TestConfig" />
        <DeploymentItem filename="IEDriverServer.exe" />
      </DeploymentItems>
      <Execution id="98cc8612-3e2c-4872-8c42-293a2a808c3a" />
      <TestMethod codeBase="c:/users/t-sumita/Desktop/testEnv/SI/release/UIAutomation.DLL" adapterTypeName="Microsoft.VisualStudio.TestTools.TestTypes.Unit.UnitTestAdapter, Microsoft.VisualStudio.QualityTools.Tips.UnitTest.Adapter, Version=11.0.0.0, Culture=neutral, PublicKeyToken=b03f5f7f11d50a3a" className="UIAutomation.CreateWin8AdUnit, UIAutomation, Version=11.4.4183.0, Culture=neutral, PublicKeyToken=null" name="CreateWin8AdunitTest" />
    </UnitTest>
    <UnitTest name="VerifyCountryandStateOrProviencesTest" storage="c:\users\t-sumita\desktop\testenv\si\release\uiautomation.dll" priority="0" id="a70cfa2b-8d6d-6b7c-9f43-762f654c45eb">
      <Owners>
        <Owner name="blridcdat" />
      </Owners>
      <DeploymentItems>
        <DeploymentItem filename="TestConfig" outputDirectory="TestConfig" />
        <DeploymentItem filename="IEDriverServer.exe" />
      </DeploymentItems>
      <Execution id="6d2bd086-60d7-4482-b7e8-1011e845f757" />
      <TestMethod codeBase="c:/users/t-sumita/Desktop/testEnv/SI/release/UIAutomation.DLL" adapterTypeName="Microsoft.VisualStudio.TestTools.TestTypes.Unit.UnitTestAdapter, Microsoft.VisualStudio.QualityTools.Tips.UnitTest.Adapter, Version=11.0.0.0, Culture=neutral, PublicKeyToken=b03f5f7f11d50a3a" className="UIAutomation.CreatePublisherTestOperations, UIAutomation, Version=11.4.4183.0, Culture=neutral, PublicKeyToken=null" name="VerifyCountryandStateOrProviencesTest" />
    </UnitTest>
    <UnitTest name="VerifyCreatePublisherTest" storage="c:\users\t-sumita\desktop\testenv\si\release\uiautomation.dll" priority="0" id="5fda8c87-0e24-9a28-8c1e-bae1401d1897">
      <Owners>
        <Owner name="blridcdat" />
      </Owners>
      <DeploymentItems>
        <DeploymentItem filename="TestConfig" outputDirectory="TestConfig" />
        <DeploymentItem filename="IEDriverServer.exe" />
      </DeploymentItems>
      <Execution id="f885cdc1-c84c-429a-b152-6c146a0876fa" />
      <TestMethod codeBase="c:/users/t-sumita/Desktop/testEnv/SI/release/UIAutomation.DLL" adapterTypeName="Microsoft.VisualStudio.TestTools.TestTypes.Unit.UnitTestAdapter, Microsoft.VisualStudio.QualityTools.Tips.UnitTest.Adapter, Version=11.0.0.0, Culture=neutral, PublicKeyToken=b03f5f7f11d50a3a" className="UIAutomation.CreatePublisherTestOperations, UIAutomation, Version=11.4.4183.0, Culture=neutral, PublicKeyToken=null" name="VerifyCreatePublisherTest" />
    </UnitTest>
    <UnitTest name="VerifyProductToAllowedMarketMapping" storage="c:\users\t-sumita\desktop\testenv\si\release\uiautomation.dll" priority="0" id="aec56dca-f03b-5822-aaaf-13c76c89e694">
      <Owners>
        <Owner name="blridcdat" />
      </Owners>
      <DeploymentItems>
        <DeploymentItem filename="TestConfig" outputDirectory="TestConfig" />
        <DeploymentItem filename="IEDriverServer.exe" />
      </DeploymentItems>
      <Execution id="2eb2f691-99bf-4aa5-9bec-acc4fc6de95d" />
      <TestMethod codeBase="c:/users/t-sumita/Desktop/testEnv/SI/release/UIAutomation.DLL" adapterTypeName="Microsoft.VisualStudio.TestTools.TestTypes.Unit.UnitTestAdapter, Microsoft.VisualStudio.QualityTools.Tips.UnitTest.Adapter, Version=11.0.0.0, Culture=neutral, PublicKeyToken=b03f5f7f11d50a3a" className="UIAutomation.CreatePublisherTestOperations, UIAutomation, Version=11.4.4183.0, Culture=neutral, PublicKeyToken=null" name="VerifyProductToAllowedMarketMapping" />
    </UnitTest>
  </TestDefinitions>
  <TestLists>
    <TestList name="All Loaded Results" id="19431567-8539-422a-85d7-44ee4e166bda" />
    <TestList name="Lists of Results" id="8c43106b-9dc1-4907-a29f-aa66a61bf5b6" />
    <TestList name="SIandPACE" id="11ec9c9a-6725-42f6-9b3d-17cd5f0596b5" parentListId="8c43106b-9dc1-4907-a29f-aa66a61bf5b6">
      <TestLinks>
        <TestLink id="05247693-d645-ce2e-4d44-939a80dae5bb" name="CreateWin8AdunitTest" storage="c:\users\t-sumita\desktop\testenv\si\release\uiautomation.dll" type="Microsoft.VisualStudio.TestTools.TestTypes.Unit.UnitTestElement, Microsoft.VisualStudio.QualityTools.Tips.UnitTest.ObjectModel, Version=11.0.0.0, Culture=neutral, PublicKeyToken=b03f5f7f11d50a3a" />
        <TestLink id="a70cfa2b-8d6d-6b7c-9f43-762f654c45eb" name="VerifyCountryandStateOrProviencesTest" storage="c:\users\t-sumita\desktop\testenv\si\release\uiautomation.dll" type="Microsoft.VisualStudio.TestTools.TestTypes.Unit.UnitTestElement, Microsoft.VisualStudio.QualityTools.Tips.UnitTest.ObjectModel, Version=11.0.0.0, Culture=neutral, PublicKeyToken=b03f5f7f11d50a3a" />
        <TestLink id="5fda8c87-0e24-9a28-8c1e-bae1401d1897" name="VerifyCreatePublisherTest" storage="c:\users\t-sumita\desktop\testenv\si\release\uiautomation.dll" type="Microsoft.VisualStudio.TestTools.TestTypes.Unit.UnitTestElement, Microsoft.VisualStudio.QualityTools.Tips.UnitTest.ObjectModel, Version=11.0.0.0, Culture=neutral, PublicKeyToken=b03f5f7f11d50a3a" />
        <TestLink id="aec56dca-f03b-5822-aaaf-13c76c89e694" name="VerifyProductToAllowedMarketMapping" storage="c:\users\t-sumita\desktop\testenv\si\release\uiautomation.dll" type="Microsoft.VisualStudio.TestTools.TestTypes.Unit.UnitTestElement, Microsoft.VisualStudio.QualityTools.Tips.UnitTest.ObjectModel, Version=11.0.0.0, Culture=neutral, PublicKeyToken=b03f5f7f11d50a3a" />
      </TestLinks>
    </TestList>
  </TestLists>
  <TestEntries>
    <TestEntry testId="05247693-d645-ce2e-4d44-939a80dae5bb" executionId="98cc8612-3e2c-4872-8c42-293a2a808c3a" testListId="11ec9c9a-6725-42f6-9b3d-17cd5f0596b5" />
    <TestEntry testId="a70cfa2b-8d6d-6b7c-9f43-762f654c45eb" executionId="6d2bd086-60d7-4482-b7e8-1011e845f757" testListId="11ec9c9a-6725-42f6-9b3d-17cd5f0596b5" />
    <TestEntry testId="5fda8c87-0e24-9a28-8c1e-bae1401d1897" executionId="f885cdc1-c84c-429a-b152-6c146a0876fa" testListId="11ec9c9a-6725-42f6-9b3d-17cd5f0596b5" />
    <TestEntry testId="aec56dca-f03b-5822-aaaf-13c76c89e694" executionId="2eb2f691-99bf-4aa5-9bec-acc4fc6de95d" testListId="11ec9c9a-6725-42f6-9b3d-17cd5f0596b5" />
  </TestEntries>
  <Results>
    <UnitTestResult executionId="98cc8612-3e2c-4872-8c42-293a2a808c3a" testId="05247693-d645-ce2e-4d44-939a80dae5bb" testName="CreateWin8AdunitTest" computerName="MININT-DQ57N74" duration="00:02:16.1536731" startTime="2013-06-11T19:30:33.3521881+05:30" endTime="2013-06-11T19:32:52.5556376+05:30" testType="13cdc9d9-ddb5-4fa4-a97d-d965ccfc6d4b" outcome="Failed" testListId="11ec9c9a-6725-42f6-9b3d-17cd5f0596b5" relativeResultsDirectory="98cc8612-3e2c-4872-8c42-293a2a808c3a">
      <Output>
        <DebugTrace>StartOperation StartStartOperation EndStartOperation StartStartOperation EndEndOperation StartEndOperation EndStartOperation StartStartOperation EndEndOperation StartEndOperation EndStartOperation StartStartOperation EndStartOperation StartStartOperation EndEndOperation StartEndOperation EndStartOperation StartStartOperation EndEndOperation StartEndOperation EndStartOperation StartStartOperation EndEndOperation StartEndOperation EndStartOperation StartStartOperation EndEndOperation StartEndOperation EndStartOperation StartStartOperation EndEndOperation StartEndOperation EndStartOperation StartStartOperation EndEndOperation StartEndOperation EndEndOperation StartEndOperation EndStartOperation StartStartOperation EndEndOperation StartEndOperation EndStartOperation StartStartOperation EndEndOperation StartEndOperation EndStartOperation StartStartOperation EndEndOperation StartEndOperation EndStartOperation StartStartOperation EndEndOperation StartEndOperation EndStartOperation StartStartOperation EndEndOperation StartEndOperation EndStartOperation StartStartOperation EndEndOperation-Exception StartMicrosoft.VisualStudio.TestTools.UnitTesting.AssertFailedException: Assert.Fail failed. timeout for finding requested element: ctl00_MainContent_gridPublishers_r_775166_c_PublisherName_label
   at Microsoft.VisualStudio.TestTools.UnitTesting.Assert.HandleFail(String assertionName, String message, Object[] parameters)
   at Microsoft.VisualStudio.TestTools.UnitTesting.Assert.Fail(String message, Object[] parameters)
   at UIAutomation.SeleniumUtils.WaitForElement(String ElementID, Int32 timeout, SeleniumElementSelection elementSelection, Boolean doAssert) in C:\PC\App\Main\Application\Test\PubCenterTIP\UIAutomation\SeleniumUtils.cs:line 268EndOperation-Exception EndEndOperation StartEndOperation EndEndOperation-Exception StartMicrosoft.VisualStudio.TestTools.UnitTesting.AssertFailedException: Assert.Fail failed. timeout for finding requested element: ctl00_MainContent_gridPublishers_r_775166_c_PublisherName_label
   at Microsoft.VisualStudio.TestTools.UnitTesting.Assert.HandleFail(String assertionName, String message, Object[] parameters)
   at Microsoft.VisualStudio.TestTools.UnitTesting.Assert.Fail(String message, Object[] parameters)
   at UIAutomation.SeleniumUtils.WaitForElement(String ElementID, Int32 timeout, SeleniumElementSelection elementSelection, Boolean doAssert) in C:\PC\App\Main\Application\Test\PubCenterTIP\UIAutomation\SeleniumUtils.cs:line 288
   at UIAutomation.CreateWin8AdUnit.CreateWin8AdunitTest() in C:\PC\App\Main\Application\Test\PubCenterTIP\UIAutomation\Create-Win8AdUnit.cs:line 68EndOperation-Exception EndEndOperation StartEndOperation EndStartOperation StartStartOperation EndStartOperation StartStartOperation EndEndOperation StartEndOperation EndStartOperation StartStartOperation EndEndOperation StartEndOperation EndEndOperation StartEndOperation End</DebugTrace>
        <ErrorInfo>
          <Message>Assert.Fail failed. timeout for finding requested element: ctl00_MainContent_gridPublishers_r_775166_c_PublisherName_label</Message>
          <StackTrace>   at UIAutomation.SeleniumUtils.WaitForElement(String ElementID, Int32 timeout, SeleniumElementSelection elementSelection, Boolean doAssert) in C:\PC\App\Main\Application\Test\PubCenterTIP\UIAutomation\SeleniumUtils.cs:line 288
   at UIAutomation.CreateWin8AdUnit.CreateWin8AdunitTest() in C:\PC\App\Main\Application\Test\PubCenterTIP\UIAutomation\Create-Win8AdUnit.cs:line 112
</StackTrace>
        </ErrorInfo>
      </Output>
    </UnitTestResult>
    <UnitTestResult executionId="6d2bd086-60d7-4482-b7e8-1011e845f757" testId="a70cfa2b-8d6d-6b7c-9f43-762f654c45eb" testName="VerifyCountryandStateOrProviencesTest" computerName="MININT-DQ57N74" duration="00:01:35.1610485" startTime="2013-06-11T19:32:52.5585954+05:30" endTime="2013-06-11T19:34:27.7271905+05:30" testType="13cdc9d9-ddb5-4fa4-a97d-d965ccfc6d4b" outcome="Passed" testListId="11ec9c9a-6725-42f6-9b3d-17cd5f0596b5" relativeResultsDirectory="6d2bd086-60d7-4482-b7e8-1011e845f757">
      <Output>
        <DebugTrace>StartOperation StartStartOperation EndStartOperation StartStartOperation EndEndOperation StartEndOperation EndStartOperation StartStartOperation EndEndOperation StartEndOperation EndStartOperation StartStartOperation EndStartOperation StartStartOperation EndEndOperation StartEndOperation EndStartOperation StartStartOperation EndEndOperation StartEndOperation EndStartOperation StartStartOperation EndEndOperation StartEndOperation EndStartOperation StartStartOperation EndEndOperation StartEndOperation EndStartOperation StartStartOperation EndEndOperation StartEndOperation EndStartOperation StartStartOperation EndEndOperation StartEndOperation EndEndOperation StartEndOperation EndStartOperation StartStartOperation EndEndOperation StartEndOperation EndStartOperation StartStartOperation EndEndOperation StartEndOperation EndStartOperation StartStartOperation EndEndOperation StartEndOperation EndStartOperation StartStartOperation EndEndOperation StartEndOperation EndStartOperation StartStartOperation EndEndOperation StartEndOperation EndStartOperation StartStartOperation EndEndOperation StartEndOperation EndStartOperation StartStartOperation EndEndOperation StartEndOperation EndStartOperation StartStartOperation EndEndOperation StartEndOperation EndStartOperation StartStartOperation EndEndOperation StartEndOperation EndStartOperation StartStartOperation EndEndOperation StartEndOperation EndStartOperation StartStartOperation EndEndOperation StartEndOperation EndStartOperation StartStartOperation EndEndOperation StartEndOperation EndStartOperation StartStartOperation EndEndOperation StartEndOperation EndStartOperation StartStartOperation EndEndOperation StartEndOperation EndStartOperation StartStartOperation EndEndOperation StartEndOperation EndStartOperation StartStartOperation EndEndOperation StartEndOperation EndStartOperation StartStartOperation EndEndOperation StartEndOperation EndStartOperation StartStartOperation EndEndOperation StartEndOperation EndStartOperation StartStartOperation EndEndOperation StartEndOperation EndStartOperation StartStartOperation EndEndOperation StartEndOperation EndStartOperation StartStartOperation EndEndOperation StartEndOperation EndStartOperation StartStartOperation EndEndOperation StartEndOperation EndStartOperation StartStartOperation EndEndOperation StartEndOperation EndStartOperation StartStartOperation EndEndOperation StartEndOperation EndStartOperation StartStartOperation EndEndOperation StartEndOperation EndStartOperation StartStartOperation EndEndOperation StartEndOperation EndStartOperation StartStartOperation EndEndOperation StartEndOperation EndStartOperation StartStartOperation EndEndOperation StartEndOperation EndStartOperation StartStartOperation EndEndOperation StartEndOperation EndStartOperation StartStartOperation EndEndOperation StartEndOperation EndStartOperation StartStartOperation EndEndOperation StartEndOperation EndStartOperation StartStartOperation EndEndOperation StartEndOperation EndStartOperation StartStartOperation EndEndOperation StartEndOperation EndStartOperation StartStartOperation EndEndOperation StartEndOperation EndStartOperation StartStartOperation EndEndOperation StartEndOperation EndStartOperation StartStartOperation EndEndOperation StartEndOperation EndStartOperation StartStartOperation EndEndOperation StartEndOperation EndStartOperation StartStartOperation EndEndOperation StartEndOperation EndStartOperation StartStartOperation EndEndOperation StartEndOperation EndStartOperation StartStartOperation EndEndOperation StartEndOperation EndStartOperation StartStartOperation EndEndOperation StartEndOperation EndStartOperation StartStartOperation EndEndOperation StartEndOperation EndStartOperation StartStartOperation EndEndOperation StartEndOperation EndStartOperation StartStartOperation EndEndOperation StartEndOperation EndStartOperation StartStartOperation EndEndOperation StartEndOperation EndStartOperation StartStartOperation EndEndOperation StartEndOperation EndStartOperation StartStartOperation EndEndOperation StartEndOperation EndStartOperation StartStartOperation EndEndOperation StartEndOperation EndEndOperation StartEndOperation EndStartOperation StartStartOperation EndStartOperation StartStartOperation EndEndOperation StartEndOperation EndStartOperation StartStartOperation EndEndOperation StartEndOperation EndEndOperation StartEndOperation End</DebugTrace>
      </Output>
    </UnitTestResult>
    <UnitTestResult executionId="f885cdc1-c84c-429a-b152-6c146a0876fa" testId="5fda8c87-0e24-9a28-8c1e-bae1401d1897" testName="VerifyCreatePublisherTest" computerName="MININT-DQ57N74" duration="00:00:22.3144170" startTime="2013-06-11T19:34:27.7291617+05:30" endTime="2013-06-11T19:34:50.0483109+05:30" testType="13cdc9d9-ddb5-4fa4-a97d-d965ccfc6d4b" outcome="Passed" testListId="11ec9c9a-6725-42f6-9b3d-17cd5f0596b5" relativeResultsDirectory="f885cdc1-c84c-429a-b152-6c146a0876fa">
      <Output>
        <DebugTrace>StartOperation StartStartOperation EndStartOperation StartStartOperation EndEndOperation StartEndOperation EndStartOperation StartStartOperation EndEndOperation StartEndOperation EndStartOperation StartStartOperation EndStartOperation StartStartOperation EndEndOperation StartEndOperation EndStartOperation StartStartOperation EndEndOperation StartEndOperation EndStartOperation StartStartOperation EndEndOperation StartEndOperation EndStartOperation StartStartOperation EndEndOperation StartEndOperation EndStartOperation StartStartOperation EndEndOperation StartEndOperation EndStartOperation StartStartOperation EndEndOperation StartEndOperation EndEndOperation StartEndOperation EndStartOperation StartStartOperation EndEndOperation StartEndOperation EndStartOperation StartStartOperation EndEndOperation StartEndOperation EndStartOperation StartStartOperation EndEndOperation StartEndOperation EndStartOperation StartStartOperation EndEndOperation StartEndOperation EndStartOperation StartStartOperation EndEndOperation StartEndOperation EndStartOperation StartStartOperation EndEndOperation StartEndOperation EndStartOperation StartStartOperation EndEndOperation StartEndOperation EndStartOperation StartStartOperation EndEndOperation StartEndOperation EndStartOperation StartStartOperation EndEndOperation StartEndOperation EndStartOperation StartStartOperation EndEndOperation StartEndOperation EndStartOperation StartStartOperation EndEndOperation StartEndOperation EndStartOperation StartStartOperation EndEndOperation StartEndOperation EndStartOperation StartStartOperation EndEndOperation StartEndOperation EndStartOperation StartStartOperation EndEndOperation StartEndOperation EndStartOperation StartStartOperation EndEndOperation StartEndOperation EndStartOperation StartStartOperation EndEndOperation StartEndOperation EndStartOperation StartStartOperation EndEndOperation StartEndOperation EndStartOperation StartStartOperation EndEndOperation StartEndOperation EndEndOperation StartEndOperation EndStartOperation StartStartOperation EndStartOperation StartStartOperation EndEndOperation StartEndOperation EndStartOperation StartStartOperation EndEndOperation StartEndOperation EndEndOperation StartEndOperation End</DebugTrace>
      </Output>
    </UnitTestResult>
    <UnitTestResult executionId="2eb2f691-99bf-4aa5-9bec-acc4fc6de95d" testId="aec56dca-f03b-5822-aaaf-13c76c89e694" testName="VerifyProductToAllowedMarketMapping" computerName="MININT-DQ57N74" duration="00:00:27.9428655" startTime="2013-06-11T19:34:50.0502807+05:30" endTime="2013-06-11T19:35:17.9974184+05:30" testType="13cdc9d9-ddb5-4fa4-a97d-d965ccfc6d4b" outcome="Passed" testListId="11ec9c9a-6725-42f6-9b3d-17cd5f0596b5" relativeResultsDirectory="2eb2f691-99bf-4aa5-9bec-acc4fc6de95d">
      <Output>
        <DebugTrace>StartOperation StartStartOperation EndStartOperation StartStartOperation EndEndOperation StartEndOperation EndStartOperation StartStartOperation EndEndOperation StartEndOperation EndStartOperation StartStartOperation EndStartOperation StartStartOperation EndEndOperation StartEndOperation EndStartOperation StartStartOperation EndEndOperation StartEndOperation EndStartOperation StartStartOperation EndEndOperation StartEndOperation EndStartOperation StartStartOperation EndEndOperation StartEndOperation EndStartOperation StartStartOperation EndEndOperation StartEndOperation EndStartOperation StartStartOperation EndEndOperation StartEndOperation EndEndOperation StartEndOperation EndStartOperation StartStartOperation EndEndOperation StartEndOperation EndStartOperation StartStartOperation EndEndOperation StartEndOperation EndStartOperation StartStartOperation EndEndOperation StartEndOperation EndStartOperation StartStartOperation EndEndOperation StartEndOperation EndStartOperation StartStartOperation EndEndOperation StartEndOperation EndStartOperation StartStartOperation EndEndOperation StartEndOperation EndStartOperation StartStartOperation EndEndOperation StartEndOperation EndStartOperation StartStartOperation EndEndOperation StartEndOperation EndStartOperation StartStartOperation EndEndOperation StartEndOperation EndStartOperation StartStartOperation EndEndOperation StartEndOperation EndStartOperation StartStartOperation EndEndOperation StartEndOperation EndStartOperation StartStartOperation EndEndOperation StartEndOperation EndStartOperation StartStartOperation EndStartOperation StartStartOperation EndEndOperation StartEndOperation EndStartOperation StartStartOperation EndEndOperation StartEndOperation EndStartOperation StartStartOperation EndEndOperation StartEndOperation EndStartOperation StartStartOperation EndEndOperation StartEndOperation EndStartOperation StartStartOperation EndEndOperation StartEndOperation EndStartOperation StartStartOperation EndEndOperation StartEndOperation EndStartOperation StartStartOperation EndEndOperation StartEndOperation EndStartOperation StartStartOperation EndEndOperation StartEndOperation EndStartOperation StartStartOperation EndEndOperation StartEndOperation EndStartOperation StartStartOperation EndEndOperation StartEndOperation EndStartOperation StartStartOperation EndEndOperation StartEndOperation EndStartOperation StartStartOperation EndEndOperation StartEndOperation EndStartOperation StartStartOperation EndEndOperation StartEndOperation EndStartOperation StartStartOperation EndEndOperation StartEndOperation EndStartOperation StartStartOperation EndEndOperation StartEndOperation EndStartOperation StartStartOperation EndEndOperation StartEndOperation EndStartOperation StartStartOperation EndEndOperation StartEndOperation EndStartOperation StartStartOperation EndEndOperation StartEndOperation EndStartOperation StartStartOperation EndEndOperation StartEndOperation EndStartOperation StartStartOperation EndEndOperation StartEndOperation EndStartOperation StartStartOperation EndEndOperation StartEndOperation EndStartOperation StartStartOperation EndEndOperation StartEndOperation EndEndOperation StartEndOperation EndStartOperation StartStartOperation EndStartOperation StartStartOperation EndEndOperation StartEndOperation EndStartOperation StartStartOperation EndEndOperation StartEndOperation EndStartOperation StartStartOperation EndEndOperation StartEndOperation EndStartOperation StartStartOperation EndEndOperation StartEndOperation EndStartOperation StartStartOperation EndEndOperation StartEndOperation EndStartOperation StartStartOperation EndEndOperation StartEndOperation EndStartOperation StartStartOperation EndEndOperation StartEndOperation EndStartOperation StartStartOperation EndEndOperation StartEndOperation EndStartOperation StartStartOperation EndEndOperation StartEndOperation EndStartOperation StartStartOperation EndEndOperation StartEndOperation EndStartOperation StartStartOperation EndEndOperation StartEndOperation EndStartOperation StartStartOperation EndEndOperation StartEndOperation EndStartOperation StartStartOperation EndEndOperation StartEndOperation EndStartOperation StartStartOperation EndEndOperation StartEndOperation EndStartOperation StartStartOperation EndEndOperation StartEndOperation EndStartOperation StartStartOperation EndEndOperation StartEndOperation EndStartOperation StartStartOperation EndEndOperation StartEndOperation EndStartOperation StartStartOperation EndEndOperation StartEndOperation EndStartOperation StartStartOperation EndEndOperation StartEndOperation EndStartOperation StartStartOperation EndEndOperation StartEndOperation EndStartOperation StartStartOperation EndEndOperation StartEndOperation EndStartOperation StartStartOperation EndEndOperation StartEndOperation EndEndOperation StartEndOperation EndStartOperation StartStartOperation EndStartOperation StartStartOperation EndEndOperation StartEndOperation EndStartOperation StartStartOperation EndEndOperation StartEndOperation EndStartOperation StartStartOperation EndEndOperation StartEndOperation EndStartOperation StartStartOperation EndEndOperation StartEndOperation EndStartOperation StartStartOperation EndEndOperation StartEndOperation EndStartOperation StartStartOperation EndEndOperation StartEndOperation EndStartOperation StartStartOperation EndEndOperation StartEndOperation EndStartOperation StartStartOperation EndEndOperation StartEndOperation EndStartOperation StartStartOperation EndEndOperation StartEndOperation EndStartOperation StartStartOperation EndEndOperation StartEndOperation EndStartOperation StartStartOperation EndEndOperation StartEndOperation EndStartOperation StartStartOperation EndEndOperation StartEndOperation EndStartOperation StartStartOperation EndEndOperation StartEndOperation EndStartOperation StartStartOperation EndEndOperation StartEndOperation EndStartOperation StartStartOperation EndEndOperation StartEndOperation EndStartOperation StartStartOperation EndEndOperation StartEndOperation EndStartOperation StartStartOperation EndEndOperation StartEndOperation EndStartOperation StartStartOperation EndEndOperation StartEndOperation EndStartOperation StartStartOperation EndEndOperation StartEndOperation EndStartOperation StartStartOperation EndEndOperation StartEndOperation EndStartOperation StartStartOperation EndEndOperation StartEndOperation EndStartOperation StartStartOperation EndEndOperation StartEndOperation EndEndOperation StartEndOperation EndStartOperation StartStartOperation EndEndOperation StartEndOperation EndStartOperation StartStartOperation EndEndOperation StartEndOperation EndStartOperation StartStartOperation EndEndOperation StartEndOperation EndStartOperation StartStartOperation EndEndOperation StartEndOperation EndEndOperation StartEndOperation EndStartOperation StartStartOperation EndStartOperation StartStartOperation EndEndOperation StartEndOperation EndStartOperation StartStartOperation EndEndOperation StartEndOperation EndEndOperation StartEndOperation End</DebugTrace>
      </Output>
    </UnitTestResult>
  </Results>
</TestRun>